\BOOKMARK [1][-]{section.1}{Introduction}{}% 1
\BOOKMARK [1][-]{section.2}{Pipeline Structure}{}% 2
\BOOKMARK [2][-]{subsection.2.1}{Initialization}{section.2}% 3
\BOOKMARK [2][-]{subsection.2.2}{Lukas-Kanade Tracker}{section.2}% 4
\BOOKMARK [2][-]{subsection.2.3}{Feature discard}{section.2}% 5
\BOOKMARK [2][-]{subsection.2.4}{P3P + RANSAC}{section.2}% 6
\BOOKMARK [2][-]{subsection.2.5}{Feature Extraction}{section.2}% 7
\BOOKMARK [2][-]{subsection.2.6}{Linear Triangulation}{section.2}% 8
\BOOKMARK [2][-]{subsection.2.7}{Bonus Features}{section.2}% 9
\BOOKMARK [3][-]{subsubsection.2.7.1}{Structure-Only Bundle Adjustment}{subsection.2.7}% 10
\BOOKMARK [3][-]{subsubsection.2.7.2}{Re-initialization}{subsection.2.7}% 11
\BOOKMARK [3][-]{subsubsection.2.7.3}{Custom Dataset Testing}{subsection.2.7}% 12
\BOOKMARK [1][-]{section.3}{Parameters and Tuning}{}% 13
\BOOKMARK [2][-]{subsection.3.1}{RANSAC Iterations}{section.3}% 14
\BOOKMARK [2][-]{subsection.3.2}{Harris Patch Size}{section.3}% 15
\BOOKMARK [2][-]{subsection.3.3}{Minimum Angle in Linear Triangulation}{section.3}% 16
\BOOKMARK [1][-]{section.4}{Results and Discussion}{}% 17
\BOOKMARK [2][-]{subsection.4.1}{KITTI Dataset Comparison}{section.4}% 18
\BOOKMARK [3][-]{subsubsection.4.1.1}{No Bundle Adjustment, No Periodic Re-initialization}{subsection.4.1}% 19
\BOOKMARK [3][-]{subsubsection.4.1.2}{No Bundle Adjustment, Periodic Re-initialization}{subsection.4.1}% 20
\BOOKMARK [3][-]{subsubsection.4.1.3}{Bundle Adjustment, Periodic Re-initialization}{subsection.4.1}% 21
\BOOKMARK [2][-]{subsection.4.2}{Other Datasets}{section.4}% 22
\BOOKMARK [3][-]{subsubsection.4.2.1}{ETH}{subsection.4.2}% 23
\BOOKMARK [3][-]{subsubsection.4.2.2}{Malaga}{subsection.4.2}% 24
\BOOKMARK [3][-]{subsubsection.4.2.3}{Parking}{subsection.4.2}% 25
